Using pre-set license
Built from '2020.3/staging' branch; Version is '2020.3.23f1 (c5d91304a876) revision 12966163'; Using compiler version '192528614'; Build Type 'Release'
OS: 'Windows 10 Pro; OS build 19042.1466; Version 2009; 64bit' Language: 'de' Physical Memory: 24517 MB
BatchMode: 1, IsHumanControllingUs: 0, StartBugReporterOnCrash: 0, Is64bit: 1, IsPro: 0

COMMAND LINE ARGUMENTS:
C:\Program Files\Unity\Hub\Editor\2020.3.23f1\Editor\Unity.exe
-adb2
-batchMode
-noUpm
-name
AssetImportWorker0
-projectPath
M:/ArtFx_Exercises/IndividualProject/IndividualProject_PinballRestaurant
-logFile
Logs/AssetImportWorker0.log
-srvPort
59684
Successfully changed project path to: M:/ArtFx_Exercises/IndividualProject/IndividualProject_PinballRestaurant
M:/ArtFx_Exercises/IndividualProject/IndividualProject_PinballRestaurant
Using Asset Import Pipeline V2.
Refreshing native plugins compatible for Editor in 36.44 ms, found 2 plugins.
Preloading 0 native plugins for Editor in 0.00 ms.
Initialize engine version: 2020.3.23f1 (c5d91304a876)
[Subsystems] Discovering subsystems at path C:/Program Files/Unity/Hub/Editor/2020.3.23f1/Editor/Data/Resources/UnitySubsystems
[Subsystems] Discovering subsystems at path M:/ArtFx_Exercises/IndividualProject/IndividualProject_PinballRestaurant/Assets
GfxDevice: creating device client; threaded=0
Direct3D:
    Version:  Direct3D 11.0 [level 11.1]
    Renderer: NVIDIA GeForce GTX 960 (ID=0x1401)
    Vendor:   
    VRAM:     2007 MB
    Driver:   30.0.15.1123
Initialize mono
Mono path[0] = 'C:/Program Files/Unity/Hub/Editor/2020.3.23f1/Editor/Data/Managed'
Mono path[1] = 'C:/Program Files/Unity/Hub/Editor/2020.3.23f1/Editor/Data/MonoBleedingEdge/lib/mono/unityjit'
Mono config path = 'C:/Program Files/Unity/Hub/Editor/2020.3.23f1/Editor/Data/MonoBleedingEdge/etc'
Using monoOptions --debugger-agent=transport=dt_socket,embedding=1,server=y,suspend=n,address=127.0.0.1:56864
Begin MonoManager ReloadAssembly
Registering precompiled unity dll's ...
Register platform support module: C:/Program Files/Unity/Hub/Editor/2020.3.23f1/Editor/Data/PlaybackEngines/WindowsStandaloneSupport/UnityEditor.WindowsStandalone.Extensions.dll
Registered in 0.001730 seconds.
Native extension for WindowsStandalone target not found
Refreshing native plugins compatible for Editor in 30.81 ms, found 2 plugins.
Preloading 0 native plugins for Editor in 0.00 ms.
Mono: successfully reloaded assembly
- Completed reload, in  0.627 seconds
Domain Reload Profiling:
	ReloadAssembly (627ms)
		BeginReloadAssembly (60ms)
			ExecutionOrderSort (0ms)
			DisableScriptedObjects (0ms)
			BackupInstance (0ms)
			ReleaseScriptingObjects (0ms)
			CreateAndSetChildDomain (1ms)
		EndReloadAssembly (491ms)
			LoadAssemblies (57ms)
			RebuildTransferFunctionScriptingTraits (0ms)
			SetupTypeCache (165ms)
			ReleaseScriptCaches (0ms)
			RebuildScriptCaches (33ms)
			SetupLoadedEditorAssemblies (198ms)
				LogAssemblyErrors (0ms)
				InitializePlatformSupportModulesInManaged (4ms)
				SetLoadedEditorAssemblies (0ms)
				RefreshPlugins (31ms)
				BeforeProcessingInitializeOnLoad (15ms)
				ProcessInitializeOnLoadAttributes (85ms)
				ProcessInitializeOnLoadMethodAttributes (62ms)
				AfterProcessingInitializeOnLoad (0ms)
				EditorAssembliesLoaded (0ms)
			ExecutionOrderSort2 (0ms)
			AwakeInstancesAfterBackupRestoration (0ms)
Platform modules already initialized, skipping
Registering precompiled user dll's ...
Registered in 0.003223 seconds.
Begin MonoManager ReloadAssembly
Native extension for WindowsStandalone target not found
Refreshing native plugins compatible for Editor in 0.40 ms, found 2 plugins.
Preloading 0 native plugins for Editor in 0.00 ms.
Mono: successfully reloaded assembly
- Completed reload, in  1.119 seconds
Domain Reload Profiling:
	ReloadAssembly (1120ms)
		BeginReloadAssembly (154ms)
			ExecutionOrderSort (0ms)
			DisableScriptedObjects (5ms)
			BackupInstance (0ms)
			ReleaseScriptingObjects (0ms)
			CreateAndSetChildDomain (20ms)
		EndReloadAssembly (873ms)
			LoadAssemblies (86ms)
			RebuildTransferFunctionScriptingTraits (0ms)
			SetupTypeCache (318ms)
			ReleaseScriptCaches (0ms)
			RebuildScriptCaches (52ms)
			SetupLoadedEditorAssemblies (312ms)
				LogAssemblyErrors (0ms)
				InitializePlatformSupportModulesInManaged (4ms)
				SetLoadedEditorAssemblies (1ms)
				RefreshPlugins (0ms)
				BeforeProcessingInitializeOnLoad (78ms)
				ProcessInitializeOnLoadAttributes (212ms)
				ProcessInitializeOnLoadMethodAttributes (10ms)
				AfterProcessingInitializeOnLoad (6ms)
				EditorAssembliesLoaded (0ms)
			ExecutionOrderSort2 (0ms)
			AwakeInstancesAfterBackupRestoration (7ms)
Platform modules already initialized, skipping
========================================================================
Worker process is ready to serve import requests
Launched and connected shader compiler UnityShaderCompiler.exe after 0.08 seconds
Refreshing native plugins compatible for Editor in 0.34 ms, found 2 plugins.
Preloading 0 native plugins for Editor in 0.00 ms.
Unloading 1510 Unused Serialized files (Serialized files now loaded: 0)
System memory in use before: 89.0 MB.
System memory in use after: 89.1 MB.

Unloading 18 unused Assets to reduce memory usage. Loaded Objects now: 1968.
Total: 2.556700 ms (FindLiveObjects: 0.168400 ms CreateObjectMapping: 0.089800 ms MarkObjects: 2.279600 ms  DeleteObjects: 0.017900 ms)

AssetImportParameters requested are different than current active one (requested -> active):
  custom:framework-win-MediaFoundation: 216162199b28c13a410421893ffa2e32 -> 
  custom:video-decoder-ogg-theora: a1e56fd34408186e4bbccfd4996cb3dc -> 
  custom:container-muxer-webm: aa71ff27fc2769a1b78a27578f13a17b -> 
  custom:container-demuxer-webm: 4f35f7cbe854078d1ac9338744f61a02 -> 
  custom:container-demuxer-ogg: 62fdf1f143b41e24485cea50d1cbac27 -> 
  custom:video-encoder-webm-vp8: eb34c28f22e8b96e1ab97ce403110664 -> 
  custom:video-decoder-webm-vp8: 9c59270c3fd7afecdb556c50c9e8de78 -> 
  custom:audio-decoder-ogg-vorbis: bf7c407c2cedff20999df2af8eb42d56 -> 
  custom:audio-encoder-webm-vorbis: bf7c407c2cedff20999df2af8eb42d56 -> 
========================================================================
Received Import Request.
  path: Assets/Images/Untitled_Artwork (14).jpg
  artifactKey: Guid(dcb4e30c3bf714644b36be5e7e970e61) Importer(815301076,1909f56bfc062723c751e8b465ee728b)
Start importing Assets/Images/Untitled_Artwork (14).jpg using Guid(dcb4e30c3bf714644b36be5e7e970e61) Importer(815301076,1909f56bfc062723c751e8b465ee728b)  -> (artifact id: '4700ff27ae059580ae0299a78f45ab08') in 0.080504 seconds 
  Import took 0.084731 seconds .

========================================================================
Received Import Request.
  Time since last request: 0.000240 seconds.
  path: Assets/Images/Untitled_Artwork (15).jpg
  artifactKey: Guid(879b3947759d6b9478146a1dd0cf50d6) Importer(815301076,1909f56bfc062723c751e8b465ee728b)
Start importing Assets/Images/Untitled_Artwork (15).jpg using Guid(879b3947759d6b9478146a1dd0cf50d6) Importer(815301076,1909f56bfc062723c751e8b465ee728b)  -> (artifact id: '739754eef1ad2c9640706d3f36dfb0c2') in 0.015499 seconds 
  Import took 0.018232 seconds .

========================================================================
Received Import Request.
  Time since last request: 0.000165 seconds.
  path: Assets/Images/Untitled_Artwork (13).jpg
  artifactKey: Guid(6ac75a24bca5a53478e1735c68288d8f) Importer(815301076,1909f56bfc062723c751e8b465ee728b)
Start importing Assets/Images/Untitled_Artwork (13).jpg using Guid(6ac75a24bca5a53478e1735c68288d8f) Importer(815301076,1909f56bfc062723c751e8b465ee728b)  -> (artifact id: 'c9f2448ffa3b4ffc921778ad7f3f1afe') in 0.010060 seconds 
  Import took 0.012623 seconds .

========================================================================
Received Import Request.
  Time since last request: 20.516030 seconds.
  path: Assets/Images/Untitled_Artwork (13).jpg
  artifactKey: Guid(6ac75a24bca5a53478e1735c68288d8f) Importer(815301076,1909f56bfc062723c751e8b465ee728b)
Start importing Assets/Images/Untitled_Artwork (13).jpg using Guid(6ac75a24bca5a53478e1735c68288d8f) Importer(815301076,1909f56bfc062723c751e8b465ee728b)  -> (artifact id: '21b59885e18656f6a7c0e995db189f29') in 0.051114 seconds 
  Import took 0.053775 seconds .

========================================================================
Received Import Request.
  Time since last request: 9.854863 seconds.
  path: Assets/Images/Untitled_Artwork (14).jpg
  artifactKey: Guid(dcb4e30c3bf714644b36be5e7e970e61) Importer(815301076,1909f56bfc062723c751e8b465ee728b)
Start importing Assets/Images/Untitled_Artwork (14).jpg using Guid(dcb4e30c3bf714644b36be5e7e970e61) Importer(815301076,1909f56bfc062723c751e8b465ee728b)  -> (artifact id: '624463cc0e942f51eca5b3e1fdd58d73') in 0.032507 seconds 
  Import took 0.035152 seconds .

========================================================================
Received Import Request.
  Time since last request: 9.195407 seconds.
  path: Assets/Images/Untitled_Artwork (15).jpg
  artifactKey: Guid(879b3947759d6b9478146a1dd0cf50d6) Importer(815301076,1909f56bfc062723c751e8b465ee728b)
Start importing Assets/Images/Untitled_Artwork (15).jpg using Guid(879b3947759d6b9478146a1dd0cf50d6) Importer(815301076,1909f56bfc062723c751e8b465ee728b)  -> (artifact id: 'f1d997546a140342b2f4dd9d244832b2') in 0.034359 seconds 
  Import took 0.037374 seconds .

========================================================================
Received Import Request.
  Time since last request: 17.930339 seconds.
  path: Assets/Images/Sushi_Sprite1.jpg
  artifactKey: Guid(6ac75a24bca5a53478e1735c68288d8f) Importer(815301076,1909f56bfc062723c751e8b465ee728b)
Start importing Assets/Images/Sushi_Sprite1.jpg using Guid(6ac75a24bca5a53478e1735c68288d8f) Importer(815301076,1909f56bfc062723c751e8b465ee728b)  -> (artifact id: '3eade1fe91aeb4022cec4e689137c1d5') in 0.065948 seconds 
  Import took 0.069918 seconds .

========================================================================
Received Import Request.
  Time since last request: 23.537325 seconds.
  path: Assets/Images/Sushi_Sprite.jpg
  artifactKey: Guid(6ac75a24bca5a53478e1735c68288d8f) Importer(815301076,1909f56bfc062723c751e8b465ee728b)
Start importing Assets/Images/Sushi_Sprite.jpg using Guid(6ac75a24bca5a53478e1735c68288d8f) Importer(815301076,1909f56bfc062723c751e8b465ee728b)  -> (artifact id: 'bcaf20b69880edf9058d3adb44339353') in 0.033053 seconds 
  Import took 0.036224 seconds .

========================================================================
Received Import Request.
  Time since last request: 39.695976 seconds.
  path: Assets/Images/Baozi_Sprite1.jpg
  artifactKey: Guid(dcb4e30c3bf714644b36be5e7e970e61) Importer(815301076,1909f56bfc062723c751e8b465ee728b)
Start importing Assets/Images/Baozi_Sprite1.jpg using Guid(dcb4e30c3bf714644b36be5e7e970e61) Importer(815301076,1909f56bfc062723c751e8b465ee728b)  -> (artifact id: '3e52c451bb1d867122773c40e86f3c77') in 0.024339 seconds 
  Import took 0.029664 seconds .

========================================================================
Received Import Request.
  Time since last request: 14.706223 seconds.
  path: Assets/Images/Baozi_Sprite.jpg
  artifactKey: Guid(dcb4e30c3bf714644b36be5e7e970e61) Importer(815301076,1909f56bfc062723c751e8b465ee728b)
Start importing Assets/Images/Baozi_Sprite.jpg using Guid(dcb4e30c3bf714644b36be5e7e970e61) Importer(815301076,1909f56bfc062723c751e8b465ee728b)  -> (artifact id: 'cb14316080136d1735630f26b594248b') in 0.030472 seconds 
  Import took 0.033871 seconds .

========================================================================
Received Import Request.
  Time since last request: 8.466183 seconds.
  path: Assets/Images/Ramen_Sprite.jpg
  artifactKey: Guid(879b3947759d6b9478146a1dd0cf50d6) Importer(815301076,1909f56bfc062723c751e8b465ee728b)
Start importing Assets/Images/Ramen_Sprite.jpg using Guid(879b3947759d6b9478146a1dd0cf50d6) Importer(815301076,1909f56bfc062723c751e8b465ee728b)  -> (artifact id: 'e0663d9cdacc7205368b905aecce011b') in 0.021315 seconds 
  Import took 0.024261 seconds .

========================================================================
Received Import Request.
  Time since last request: 59.242780 seconds.
  path: Assets/Scripts/BallTrigger.cs
  artifactKey: Guid(681e2aa5613b7ac4f86d6818f431631a) Importer(815301076,1909f56bfc062723c751e8b465ee728b)
Start importing Assets/Scripts/BallTrigger.cs using Guid(681e2aa5613b7ac4f86d6818f431631a) Importer(815301076,1909f56bfc062723c751e8b465ee728b)  -> (artifact id: '8b0a0e1d9e3427804ad8f0ac152a986d') in 0.009120 seconds 
  Import took 0.012279 seconds .

========================================================================
Received Prepare
Registering precompiled user dll's ...
Registered in 0.002625 seconds.
Begin MonoManager ReloadAssembly
Native extension for WindowsStandalone target not found
Refreshing native plugins compatible for Editor in 0.34 ms, found 2 plugins.
Preloading 0 native plugins for Editor in 0.00 ms.
Mono: successfully reloaded assembly
- Completed reload, in  2.992 seconds
Domain Reload Profiling:
	ReloadAssembly (2992ms)
		BeginReloadAssembly (385ms)
			ExecutionOrderSort (0ms)
			DisableScriptedObjects (6ms)
			BackupInstance (0ms)
			ReleaseScriptingObjects (0ms)
			CreateAndSetChildDomain (48ms)
		EndReloadAssembly (2356ms)
			LoadAssemblies (410ms)
			RebuildTransferFunctionScriptingTraits (0ms)
			SetupTypeCache (1218ms)
			ReleaseScriptCaches (2ms)
			RebuildScriptCaches (71ms)
			SetupLoadedEditorAssemblies (471ms)
				LogAssemblyErrors (0ms)
				InitializePlatformSupportModulesInManaged (7ms)
				SetLoadedEditorAssemblies (1ms)
				RefreshPlugins (0ms)
				BeforeProcessingInitializeOnLoad (105ms)
				ProcessInitializeOnLoadAttributes (335ms)
				ProcessInitializeOnLoadMethodAttributes (14ms)
				AfterProcessingInitializeOnLoad (8ms)
				EditorAssembliesLoaded (0ms)
			ExecutionOrderSort2 (0ms)
			AwakeInstancesAfterBackupRestoration (9ms)
Platform modules already initialized, skipping
Refreshing native plugins compatible for Editor in 0.35 ms, found 2 plugins.
Preloading 0 native plugins for Editor in 0.00 ms.
Unloading 1504 Unused Serialized files (Serialized files now loaded: 0)
System memory in use before: 92.0 MB.
System memory in use after: 92.1 MB.

Unloading 14 unused Assets to reduce memory usage. Loaded Objects now: 1976.
Total: 2.981200 ms (FindLiveObjects: 0.186400 ms CreateObjectMapping: 0.140300 ms MarkObjects: 2.635700 ms  DeleteObjects: 0.017600 ms)

AssetImportParameters requested are different than current active one (requested -> active):
  custom:framework-win-MediaFoundation: 216162199b28c13a410421893ffa2e32 -> 
  custom:video-decoder-ogg-theora: a1e56fd34408186e4bbccfd4996cb3dc -> 
  custom:container-muxer-webm: aa71ff27fc2769a1b78a27578f13a17b -> 
  custom:container-demuxer-webm: 4f35f7cbe854078d1ac9338744f61a02 -> 
  custom:container-demuxer-ogg: 62fdf1f143b41e24485cea50d1cbac27 -> 
  custom:video-encoder-webm-vp8: eb34c28f22e8b96e1ab97ce403110664 -> 
  custom:video-decoder-webm-vp8: 9c59270c3fd7afecdb556c50c9e8de78 -> 
  custom:audio-decoder-ogg-vorbis: bf7c407c2cedff20999df2af8eb42d56 -> 
  custom:audio-encoder-webm-vorbis: bf7c407c2cedff20999df2af8eb42d56 -> 
========================================================================
Received Import Request.
  Time since last request: 65.902227 seconds.
  path: Assets/Materials/TableMaterial/Baozi_Table.mat
  artifactKey: Guid(bc6c591ff7ea9e344a79d0a89909cc95) Importer(815301076,1909f56bfc062723c751e8b465ee728b)
Start importing Assets/Materials/TableMaterial/Baozi_Table.mat using Guid(bc6c591ff7ea9e344a79d0a89909cc95) Importer(815301076,1909f56bfc062723c751e8b465ee728b)  -> (artifact id: '8e96d1b346ce1dc4b291ad0e3daadbb7') in 0.065405 seconds 
  Import took 0.068246 seconds .

========================================================================
Received Import Request.
  Time since last request: 0.000175 seconds.
  path: Assets/Materials/TableMaterial/Ramen_Table.mat
  artifactKey: Guid(0c56758e7c882c34686948e2b7409be7) Importer(815301076,1909f56bfc062723c751e8b465ee728b)
Start importing Assets/Materials/TableMaterial/Ramen_Table.mat using Guid(0c56758e7c882c34686948e2b7409be7) Importer(815301076,1909f56bfc062723c751e8b465ee728b)  -> (artifact id: '53bd06ba0573562d1fc43a4a1232e855') in 0.014959 seconds 
  Import took 0.017662 seconds .

========================================================================
Received Import Request.
  Time since last request: 0.000235 seconds.
  path: Assets/Materials/TableMaterial/Sushi_Table.mat
  artifactKey: Guid(3c3d53a5810688f449b84dcaf8278b19) Importer(815301076,1909f56bfc062723c751e8b465ee728b)
Start importing Assets/Materials/TableMaterial/Sushi_Table.mat using Guid(3c3d53a5810688f449b84dcaf8278b19) Importer(815301076,1909f56bfc062723c751e8b465ee728b)  -> (artifact id: 'ea0f740b3202ac92aabd4c1f1df6dc54') in 0.030788 seconds 
  Import took 0.049092 seconds .

========================================================================
Received Import Request.
  Time since last request: 18.154050 seconds.
  path: Assets/Images/Materials
  artifactKey: Guid(551ec1ea5c768624c9815d82c8e18f14) Importer(815301076,1909f56bfc062723c751e8b465ee728b)
Start importing Assets/Images/Materials using Guid(551ec1ea5c768624c9815d82c8e18f14) Importer(815301076,1909f56bfc062723c751e8b465ee728b)  -> (artifact id: 'a3e13ced7f1a0238f20533c03b06a090') in 0.006274 seconds 
  Import took 0.009528 seconds .

========================================================================
Received Import Request.
  Time since last request: 0.067489 seconds.
  path: Assets/Images/Materials/Ramen_Sprite.mat
  artifactKey: Guid(efcae8c2608aeba4ba34a15c95081574) Importer(815301076,1909f56bfc062723c751e8b465ee728b)
Start importing Assets/Images/Materials/Ramen_Sprite.mat using Guid(efcae8c2608aeba4ba34a15c95081574) Importer(815301076,1909f56bfc062723c751e8b465ee728b)  -> (artifact id: '576cf1a301781219599695e4d272f403') in 0.012900 seconds 
  Import took 0.015934 seconds .

========================================================================
Received Import Request.
  Time since last request: 11.684512 seconds.
  path: Assets/Images/Materials/Baozi_Sprite.mat
  artifactKey: Guid(31b332a2e7b87c24dab972197150ed03) Importer(815301076,1909f56bfc062723c751e8b465ee728b)
Start importing Assets/Images/Materials/Baozi_Sprite.mat using Guid(31b332a2e7b87c24dab972197150ed03) Importer(815301076,1909f56bfc062723c751e8b465ee728b)  -> (artifact id: '09a5c146f0e0eead9c209f4b5b19f7a0') in 0.011533 seconds 
  Import took 0.014046 seconds .

========================================================================
Received Import Request.
  Time since last request: 0.000177 seconds.
  path: Assets/Images/Materials/Sushi_Sprite.mat
  artifactKey: Guid(94b3f755e28c84d429e7f81f2f8e1764) Importer(815301076,1909f56bfc062723c751e8b465ee728b)
Start importing Assets/Images/Materials/Sushi_Sprite.mat using Guid(94b3f755e28c84d429e7f81f2f8e1764) Importer(815301076,1909f56bfc062723c751e8b465ee728b)  -> (artifact id: 'fea7f7235c95549db81a842e1ee503b8') in 0.016636 seconds 
  Import took 0.018850 seconds .

========================================================================
Received Import Request.
  Time since last request: 41.026943 seconds.
  path: Assets/Prefab/PrefabModels/Baozi_Order.prefab
  artifactKey: Guid(5e607abdd61bd65409178256a7490441) Importer(815301076,1909f56bfc062723c751e8b465ee728b)
Start importing Assets/Prefab/PrefabModels/Baozi_Order.prefab using Guid(5e607abdd61bd65409178256a7490441) Importer(815301076,1909f56bfc062723c751e8b465ee728b)  -> (artifact id: 'c47708e809a3947de613fb94071386be') in 0.045054 seconds 
  Import took 0.047871 seconds .

========================================================================
Received Import Request.
  Time since last request: 8.411357 seconds.
  path: Assets/Prefab/PrefabModels/Ramen_Order.prefab
  artifactKey: Guid(ade6e3545a1208a4a8fbac3b26a82642) Importer(815301076,1909f56bfc062723c751e8b465ee728b)
Start importing Assets/Prefab/PrefabModels/Ramen_Order.prefab using Guid(ade6e3545a1208a4a8fbac3b26a82642) Importer(815301076,1909f56bfc062723c751e8b465ee728b)  -> (artifact id: '073756c5723c87ec33060c572ba88705') in 0.022976 seconds 
  Import took 0.026364 seconds .

========================================================================
Received Import Request.
  Time since last request: 8.163790 seconds.
  path: Assets/Prefab/PrefabModels/Sushi_Order.prefab
  artifactKey: Guid(2712bc33bf4c82540b03743005327b2c) Importer(815301076,1909f56bfc062723c751e8b465ee728b)
Start importing Assets/Prefab/PrefabModels/Sushi_Order.prefab using Guid(2712bc33bf4c82540b03743005327b2c) Importer(815301076,1909f56bfc062723c751e8b465ee728b)  -> (artifact id: '430075ef2f8521cbd993eb523568c26b') in 0.016452 seconds 
  Import took 0.019486 seconds .

========================================================================
Received Prepare
Registering precompiled user dll's ...
Registered in 0.003253 seconds.
Begin MonoManager ReloadAssembly
Native extension for WindowsStandalone target not found
Refreshing native plugins compatible for Editor in 0.32 ms, found 2 plugins.
Preloading 0 native plugins for Editor in 0.00 ms.
Mono: successfully reloaded assembly
- Completed reload, in  0.971 seconds
Domain Reload Profiling:
	ReloadAssembly (972ms)
		BeginReloadAssembly (115ms)
			ExecutionOrderSort (0ms)
			DisableScriptedObjects (5ms)
			BackupInstance (0ms)
			ReleaseScriptingObjects (0ms)
			CreateAndSetChildDomain (37ms)
		EndReloadAssembly (788ms)
			LoadAssemblies (94ms)
			RebuildTransferFunctionScriptingTraits (0ms)
			SetupTypeCache (289ms)
			ReleaseScriptCaches (1ms)
			RebuildScriptCaches (38ms)
			SetupLoadedEditorAssemblies (273ms)
				LogAssemblyErrors (0ms)
				InitializePlatformSupportModulesInManaged (4ms)
				SetLoadedEditorAssemblies (1ms)
				RefreshPlugins (0ms)
				BeforeProcessingInitializeOnLoad (73ms)
				ProcessInitializeOnLoadAttributes (180ms)
				ProcessInitializeOnLoadMethodAttributes (9ms)
				AfterProcessingInitializeOnLoad (6ms)
				EditorAssembliesLoaded (0ms)
			ExecutionOrderSort2 (0ms)
			AwakeInstancesAfterBackupRestoration (7ms)
Platform modules already initialized, skipping
Refreshing native plugins compatible for Editor in 0.39 ms, found 2 plugins.
Preloading 0 native plugins for Editor in 0.00 ms.
Unloading 1504 Unused Serialized files (Serialized files now loaded: 0)
System memory in use before: 92.3 MB.
System memory in use after: 92.4 MB.

Unloading 14 unused Assets to reduce memory usage. Loaded Objects now: 2016.
Total: 2.642700 ms (FindLiveObjects: 0.132900 ms CreateObjectMapping: 0.047400 ms MarkObjects: 2.415500 ms  DeleteObjects: 0.046100 ms)

AssetImportParameters requested are different than current active one (requested -> active):
  custom:framework-win-MediaFoundation: 216162199b28c13a410421893ffa2e32 -> 
  custom:video-decoder-ogg-theora: a1e56fd34408186e4bbccfd4996cb3dc -> 
  custom:container-muxer-webm: aa71ff27fc2769a1b78a27578f13a17b -> 
  custom:container-demuxer-webm: 4f35f7cbe854078d1ac9338744f61a02 -> 
  custom:container-demuxer-ogg: 62fdf1f143b41e24485cea50d1cbac27 -> 
  custom:video-encoder-webm-vp8: eb34c28f22e8b96e1ab97ce403110664 -> 
  custom:video-decoder-webm-vp8: 9c59270c3fd7afecdb556c50c9e8de78 -> 
  custom:audio-decoder-ogg-vorbis: bf7c407c2cedff20999df2af8eb42d56 -> 
  custom:audio-encoder-webm-vorbis: bf7c407c2cedff20999df2af8eb42d56 -> 
========================================================================
Received Import Request.
  Time since last request: 142.941582 seconds.
  path: Assets/Prefab/PrefabModels/Baozi_Order 1.prefab
  artifactKey: Guid(6d15d1883fdf2634291d6e0b1c232620) Importer(815301076,1909f56bfc062723c751e8b465ee728b)
Start importing Assets/Prefab/PrefabModels/Baozi_Order 1.prefab using Guid(6d15d1883fdf2634291d6e0b1c232620) Importer(815301076,1909f56bfc062723c751e8b465ee728b)  -> (artifact id: '312c7eedaa1b1163ed6b9ee89ada8bce') in 0.056012 seconds 
  Import took 0.058658 seconds .

========================================================================
Received Import Request.
  Time since last request: 2.773316 seconds.
  path: Assets/Prefab/PrefabModels/Sushi_Order 1.prefab
  artifactKey: Guid(59ba0b839444033469f6548419666995) Importer(815301076,1909f56bfc062723c751e8b465ee728b)
Start importing Assets/Prefab/PrefabModels/Sushi_Order 1.prefab using Guid(59ba0b839444033469f6548419666995) Importer(815301076,1909f56bfc062723c751e8b465ee728b)  -> (artifact id: 'b24509ceba9dddc16ea0154f6f7f62b2') in 0.019839 seconds 
  Import took 0.025027 seconds .

========================================================================
Received Import Request.
  Time since last request: 3.189289 seconds.
  path: Assets/Prefab/PrefabModels/Ramen_Order 1.prefab
  artifactKey: Guid(eff2885e01e6b034491d3b03be47667e) Importer(815301076,1909f56bfc062723c751e8b465ee728b)
Start importing Assets/Prefab/PrefabModels/Ramen_Order 1.prefab using Guid(eff2885e01e6b034491d3b03be47667e) Importer(815301076,1909f56bfc062723c751e8b465ee728b)  -> (artifact id: 'bc56fad678a13871792e3e03cd12117f') in 0.014454 seconds 
  Import took 0.018431 seconds .

========================================================================
Received Import Request.
  Time since last request: 65.008129 seconds.
  path: Assets/Prefab/PrefabModels/Baozi_Order.prefab
  artifactKey: Guid(6d15d1883fdf2634291d6e0b1c232620) Importer(815301076,1909f56bfc062723c751e8b465ee728b)
Start importing Assets/Prefab/PrefabModels/Baozi_Order.prefab using Guid(6d15d1883fdf2634291d6e0b1c232620) Importer(815301076,1909f56bfc062723c751e8b465ee728b)  -> (artifact id: '57c35abf2798600e99a948cf9da4bcfa') in 0.016815 seconds 
  Import took 0.022243 seconds .

========================================================================
Received Import Request.
  Time since last request: 6.198267 seconds.
  path: Assets/Prefab/PrefabModels/Ramen_Order.prefab
  artifactKey: Guid(eff2885e01e6b034491d3b03be47667e) Importer(815301076,1909f56bfc062723c751e8b465ee728b)
Start importing Assets/Prefab/PrefabModels/Ramen_Order.prefab using Guid(eff2885e01e6b034491d3b03be47667e) Importer(815301076,1909f56bfc062723c751e8b465ee728b)  -> (artifact id: 'c3042061c17df2309feaf09d5d83c6eb') in 0.010617 seconds 
  Import took 0.013922 seconds .

========================================================================
Received Import Request.
  Time since last request: 3.422525 seconds.
  path: Assets/Prefab/PrefabModels/Sushi_Order.prefab
  artifactKey: Guid(59ba0b839444033469f6548419666995) Importer(815301076,1909f56bfc062723c751e8b465ee728b)
Start importing Assets/Prefab/PrefabModels/Sushi_Order.prefab using Guid(59ba0b839444033469f6548419666995) Importer(815301076,1909f56bfc062723c751e8b465ee728b)  -> (artifact id: 'ecd365b6809a6f0ebd8c59b348686bb5') in 0.014355 seconds 
  Import took 0.017226 seconds .

========================================================================
Received Prepare
Registering precompiled user dll's ...
Registered in 0.012292 seconds.
Begin MonoManager ReloadAssembly
Native extension for WindowsStandalone target not found
Refreshing native plugins compatible for Editor in 0.32 ms, found 2 plugins.
Preloading 0 native plugins for Editor in 0.00 ms.
Mono: successfully reloaded assembly
- Completed reload, in  1.056 seconds
Domain Reload Profiling:
	ReloadAssembly (1056ms)
		BeginReloadAssembly (133ms)
			ExecutionOrderSort (0ms)
			DisableScriptedObjects (5ms)
			BackupInstance (0ms)
			ReleaseScriptingObjects (0ms)
			CreateAndSetChildDomain (33ms)
		EndReloadAssembly (864ms)
			LoadAssemblies (110ms)
			RebuildTransferFunctionScriptingTraits (0ms)
			SetupTypeCache (309ms)
			ReleaseScriptCaches (1ms)
			RebuildScriptCaches (41ms)
			SetupLoadedEditorAssemblies (320ms)
				LogAssemblyErrors (0ms)
				InitializePlatformSupportModulesInManaged (5ms)
				SetLoadedEditorAssemblies (1ms)
				RefreshPlugins (0ms)
				BeforeProcessingInitializeOnLoad (77ms)
				ProcessInitializeOnLoadAttributes (221ms)
				ProcessInitializeOnLoadMethodAttributes (10ms)
				AfterProcessingInitializeOnLoad (6ms)
				EditorAssembliesLoaded (0ms)
			ExecutionOrderSort2 (0ms)
			AwakeInstancesAfterBackupRestoration (7ms)
Platform modules already initialized, skipping
Refreshing native plugins compatible for Editor in 0.33 ms, found 2 plugins.
Preloading 0 native plugins for Editor in 0.00 ms.
Unloading 1504 Unused Serialized files (Serialized files now loaded: 0)
System memory in use before: 92.3 MB.
System memory in use after: 92.4 MB.

Unloading 14 unused Assets to reduce memory usage. Loaded Objects now: 2019.
Total: 2.266400 ms (FindLiveObjects: 0.135200 ms CreateObjectMapping: 0.049600 ms MarkObjects: 2.067500 ms  DeleteObjects: 0.013400 ms)

AssetImportParameters requested are different than current active one (requested -> active):
  custom:framework-win-MediaFoundation: 216162199b28c13a410421893ffa2e32 -> 
  custom:video-decoder-ogg-theora: a1e56fd34408186e4bbccfd4996cb3dc -> 
  custom:container-muxer-webm: aa71ff27fc2769a1b78a27578f13a17b -> 
  custom:container-demuxer-webm: 4f35f7cbe854078d1ac9338744f61a02 -> 
  custom:container-demuxer-ogg: 62fdf1f143b41e24485cea50d1cbac27 -> 
  custom:video-encoder-webm-vp8: eb34c28f22e8b96e1ab97ce403110664 -> 
  custom:video-decoder-webm-vp8: 9c59270c3fd7afecdb556c50c9e8de78 -> 
  custom:audio-decoder-ogg-vorbis: bf7c407c2cedff20999df2af8eb42d56 -> 
  custom:audio-encoder-webm-vorbis: bf7c407c2cedff20999df2af8eb42d56 -> 
========================================================================
Received Prepare
Registering precompiled user dll's ...
Registered in 0.002696 seconds.
Begin MonoManager ReloadAssembly
Native extension for WindowsStandalone target not found
Refreshing native plugins compatible for Editor in 0.52 ms, found 2 plugins.
Preloading 0 native plugins for Editor in 0.00 ms.
Mono: successfully reloaded assembly
- Completed reload, in  1.149 seconds
Domain Reload Profiling:
	ReloadAssembly (1149ms)
		BeginReloadAssembly (107ms)
			ExecutionOrderSort (0ms)
			DisableScriptedObjects (6ms)
			BackupInstance (0ms)
			ReleaseScriptingObjects (0ms)
			CreateAndSetChildDomain (29ms)
		EndReloadAssembly (968ms)
			LoadAssemblies (98ms)
			RebuildTransferFunctionScriptingTraits (0ms)
			SetupTypeCache (317ms)
			ReleaseScriptCaches (1ms)
			RebuildScriptCaches (35ms)
			SetupLoadedEditorAssemblies (423ms)
				LogAssemblyErrors (0ms)
				InitializePlatformSupportModulesInManaged (5ms)
				SetLoadedEditorAssemblies (1ms)
				RefreshPlugins (1ms)
				BeforeProcessingInitializeOnLoad (85ms)
				ProcessInitializeOnLoadAttributes (313ms)
				ProcessInitializeOnLoadMethodAttributes (11ms)
				AfterProcessingInitializeOnLoad (7ms)
				EditorAssembliesLoaded (0ms)
			ExecutionOrderSort2 (0ms)
			AwakeInstancesAfterBackupRestoration (7ms)
Platform modules already initialized, skipping
Refreshing native plugins compatible for Editor in 0.41 ms, found 2 plugins.
Preloading 0 native plugins for Editor in 0.00 ms.
Unloading 1504 Unused Serialized files (Serialized files now loaded: 0)
System memory in use before: 92.3 MB.
System memory in use after: 92.5 MB.

Unloading 14 unused Assets to reduce memory usage. Loaded Objects now: 2021.
Total: 3.059900 ms (FindLiveObjects: 0.171700 ms CreateObjectMapping: 0.079100 ms MarkObjects: 2.790100 ms  DeleteObjects: 0.018200 ms)

AssetImportParameters requested are different than current active one (requested -> active):
  custom:framework-win-MediaFoundation: 216162199b28c13a410421893ffa2e32 -> 
  custom:video-decoder-ogg-theora: a1e56fd34408186e4bbccfd4996cb3dc -> 
  custom:container-muxer-webm: aa71ff27fc2769a1b78a27578f13a17b -> 
  custom:container-demuxer-webm: 4f35f7cbe854078d1ac9338744f61a02 -> 
  custom:container-demuxer-ogg: 62fdf1f143b41e24485cea50d1cbac27 -> 
  custom:video-encoder-webm-vp8: eb34c28f22e8b96e1ab97ce403110664 -> 
  custom:video-decoder-webm-vp8: 9c59270c3fd7afecdb556c50c9e8de78 -> 
  custom:audio-decoder-ogg-vorbis: bf7c407c2cedff20999df2af8eb42d56 -> 
  custom:audio-encoder-webm-vorbis: bf7c407c2cedff20999df2af8eb42d56 -> 
========================================================================
Received Prepare
Registering precompiled user dll's ...
Registered in 0.003337 seconds.
Begin MonoManager ReloadAssembly
Native extension for WindowsStandalone target not found
Refreshing native plugins compatible for Editor in 0.42 ms, found 2 plugins.
Preloading 0 native plugins for Editor in 0.00 ms.
Mono: successfully reloaded assembly
- Completed reload, in  1.179 seconds
Domain Reload Profiling:
	ReloadAssembly (1179ms)
		BeginReloadAssembly (163ms)
			ExecutionOrderSort (0ms)
			DisableScriptedObjects (4ms)
			BackupInstance (0ms)
			ReleaseScriptingObjects (0ms)
			CreateAndSetChildDomain (37ms)
		EndReloadAssembly (953ms)
			LoadAssemblies (126ms)
			RebuildTransferFunctionScriptingTraits (0ms)
			SetupTypeCache (304ms)
			ReleaseScriptCaches (1ms)
			RebuildScriptCaches (42ms)
			SetupLoadedEditorAssemblies (403ms)
				LogAssemblyErrors (0ms)
				InitializePlatformSupportModulesInManaged (5ms)
				SetLoadedEditorAssemblies (1ms)
				RefreshPlugins (0ms)
				BeforeProcessingInitializeOnLoad (86ms)
				ProcessInitializeOnLoadAttributes (293ms)
				ProcessInitializeOnLoadMethodAttributes (11ms)
				AfterProcessingInitializeOnLoad (6ms)
				EditorAssembliesLoaded (0ms)
			ExecutionOrderSort2 (0ms)
			AwakeInstancesAfterBackupRestoration (7ms)
Platform modules already initialized, skipping
Refreshing native plugins compatible for Editor in 0.41 ms, found 2 plugins.
Preloading 0 native plugins for Editor in 0.00 ms.
Unloading 1504 Unused Serialized files (Serialized files now loaded: 0)
System memory in use before: 92.4 MB.
System memory in use after: 92.5 MB.

Unloading 14 unused Assets to reduce memory usage. Loaded Objects now: 2023.
Total: 2.709700 ms (FindLiveObjects: 0.173700 ms CreateObjectMapping: 0.075500 ms MarkObjects: 2.440200 ms  DeleteObjects: 0.018800 ms)

AssetImportParameters requested are different than current active one (requested -> active):
  custom:framework-win-MediaFoundation: 216162199b28c13a410421893ffa2e32 -> 
  custom:video-decoder-ogg-theora: a1e56fd34408186e4bbccfd4996cb3dc -> 
  custom:container-muxer-webm: aa71ff27fc2769a1b78a27578f13a17b -> 
  custom:container-demuxer-webm: 4f35f7cbe854078d1ac9338744f61a02 -> 
  custom:container-demuxer-ogg: 62fdf1f143b41e24485cea50d1cbac27 -> 
  custom:video-encoder-webm-vp8: eb34c28f22e8b96e1ab97ce403110664 -> 
  custom:video-decoder-webm-vp8: 9c59270c3fd7afecdb556c50c9e8de78 -> 
  custom:audio-decoder-ogg-vorbis: bf7c407c2cedff20999df2af8eb42d56 -> 
  custom:audio-encoder-webm-vorbis: bf7c407c2cedff20999df2af8eb42d56 -> 
========================================================================
Received Prepare
Registering precompiled user dll's ...
Registered in 0.003027 seconds.
Begin MonoManager ReloadAssembly
Native extension for WindowsStandalone target not found
Refreshing native plugins compatible for Editor in 0.36 ms, found 2 plugins.
Preloading 0 native plugins for Editor in 0.00 ms.
Mono: successfully reloaded assembly
- Completed reload, in  1.026 seconds
Domain Reload Profiling:
	ReloadAssembly (1026ms)
		BeginReloadAssembly (104ms)
			ExecutionOrderSort (0ms)
			DisableScriptedObjects (4ms)
			BackupInstance (0ms)
			ReleaseScriptingObjects (0ms)
			CreateAndSetChildDomain (28ms)
		EndReloadAssembly (849ms)
			LoadAssemblies (86ms)
			RebuildTransferFunctionScriptingTraits (0ms)
			SetupTypeCache (304ms)
			ReleaseScriptCaches (1ms)
			RebuildScriptCaches (37ms)
			SetupLoadedEditorAssemblies (314ms)
				LogAssemblyErrors (0ms)
				InitializePlatformSupportModulesInManaged (5ms)
				SetLoadedEditorAssemblies (0ms)
				RefreshPlugins (0ms)
				BeforeProcessingInitializeOnLoad (71ms)
				ProcessInitializeOnLoadAttributes (219ms)
				ProcessInitializeOnLoadMethodAttributes (10ms)
				AfterProcessingInitializeOnLoad (8ms)
				EditorAssembliesLoaded (0ms)
			ExecutionOrderSort2 (0ms)
			AwakeInstancesAfterBackupRestoration (8ms)
Platform modules already initialized, skipping
Refreshing native plugins compatible for Editor in 0.35 ms, found 2 plugins.
Preloading 0 native plugins for Editor in 0.00 ms.
Unloading 1504 Unused Serialized files (Serialized files now loaded: 0)
System memory in use before: 92.4 MB.
System memory in use after: 92.5 MB.

Unloading 14 unused Assets to reduce memory usage. Loaded Objects now: 2025.
Total: 2.957700 ms (FindLiveObjects: 0.134600 ms CreateObjectMapping: 0.073300 ms MarkObjects: 2.728100 ms  DeleteObjects: 0.020500 ms)

AssetImportParameters requested are different than current active one (requested -> active):
  custom:framework-win-MediaFoundation: 216162199b28c13a410421893ffa2e32 -> 
  custom:video-decoder-ogg-theora: a1e56fd34408186e4bbccfd4996cb3dc -> 
  custom:container-muxer-webm: aa71ff27fc2769a1b78a27578f13a17b -> 
  custom:container-demuxer-webm: 4f35f7cbe854078d1ac9338744f61a02 -> 
  custom:container-demuxer-ogg: 62fdf1f143b41e24485cea50d1cbac27 -> 
  custom:video-encoder-webm-vp8: eb34c28f22e8b96e1ab97ce403110664 -> 
  custom:video-decoder-webm-vp8: 9c59270c3fd7afecdb556c50c9e8de78 -> 
  custom:audio-decoder-ogg-vorbis: bf7c407c2cedff20999df2af8eb42d56 -> 
  custom:audio-encoder-webm-vorbis: bf7c407c2cedff20999df2af8eb42d56 -> 
========================================================================
Received Import Request.
  Time since last request: 564.232788 seconds.
  path: Assets/Fonts/MOOCHIO.otf
  artifactKey: Guid(21b2fdad4b10d7145a0d5c33effa24f7) Importer(815301076,1909f56bfc062723c751e8b465ee728b)
Start importing Assets/Fonts/MOOCHIO.otf using Guid(21b2fdad4b10d7145a0d5c33effa24f7) Importer(815301076,1909f56bfc062723c751e8b465ee728b)  -> (artifact id: 'ea342fc22b6e131d345ff3daf65124f3') in 0.078061 seconds 
  Import took 0.081319 seconds .

========================================================================
Received Import Request.
  Time since last request: 0.000186 seconds.
  path: Assets/Fonts/MOOCHIO.ttf
  artifactKey: Guid(b4ba75135f7938b42bf7fe722e68fe66) Importer(815301076,1909f56bfc062723c751e8b465ee728b)
Start importing Assets/Fonts/MOOCHIO.ttf using Guid(b4ba75135f7938b42bf7fe722e68fe66) Importer(815301076,1909f56bfc062723c751e8b465ee728b)  -> (artifact id: '15b40bdceffe168d2fd77ab9e66556eb') in 0.009808 seconds 
  Import took 0.012367 seconds .

========================================================================
Received Import Request.
  Time since last request: 5.064217 seconds.
  path: Assets/Scenes/Menu.unity
  artifactKey: Guid(b891c9742cab5134499dd111a2bce799) Importer(815301076,1909f56bfc062723c751e8b465ee728b)
Start importing Assets/Scenes/Menu.unity using Guid(b891c9742cab5134499dd111a2bce799) Importer(815301076,1909f56bfc062723c751e8b465ee728b)  -> (artifact id: '0a6a38184f0d377c8de10c9f6768966b') in 0.006046 seconds 
  Import took 0.008677 seconds .

========================================================================
Received Prepare
Refreshing native plugins compatible for Editor in 2.34 ms, found 2 plugins.
Preloading 0 native plugins for Editor in 0.00 ms.
Unloading 12 Unused Serialized files (Serialized files now loaded: 0)
System memory in use before: 63.2 MB.
System memory in use after: 63.3 MB.

Unloading 12 unused Assets to reduce memory usage. Loaded Objects now: 2030.
Total: 3.324200 ms (FindLiveObjects: 0.143400 ms CreateObjectMapping: 0.048800 ms MarkObjects: 3.113700 ms  DeleteObjects: 0.017300 ms)

AssetImportParameters requested are different than current active one (requested -> active):
  custom:framework-win-MediaFoundation: 216162199b28c13a410421893ffa2e32 -> 
  custom:video-decoder-ogg-theora: a1e56fd34408186e4bbccfd4996cb3dc -> 
  custom:container-muxer-webm: aa71ff27fc2769a1b78a27578f13a17b -> 
  custom:container-demuxer-webm: 4f35f7cbe854078d1ac9338744f61a02 -> 
  custom:container-demuxer-ogg: 62fdf1f143b41e24485cea50d1cbac27 -> 
  custom:video-encoder-webm-vp8: eb34c28f22e8b96e1ab97ce403110664 -> 
  custom:video-decoder-webm-vp8: 9c59270c3fd7afecdb556c50c9e8de78 -> 
  custom:audio-decoder-ogg-vorbis: bf7c407c2cedff20999df2af8eb42d56 -> 
  custom:audio-encoder-webm-vorbis: bf7c407c2cedff20999df2af8eb42d56 -> 
========================================================================
Received Prepare
Refreshing native plugins compatible for Editor in 2.80 ms, found 2 plugins.
Preloading 0 native plugins for Editor in 0.00 ms.
Unloading 12 Unused Serialized files (Serialized files now loaded: 0)
System memory in use before: 63.2 MB.
System memory in use after: 63.3 MB.

Unloading 12 unused Assets to reduce memory usage. Loaded Objects now: 2030.
Total: 2.938800 ms (FindLiveObjects: 0.159500 ms CreateObjectMapping: 0.049400 ms MarkObjects: 2.714400 ms  DeleteObjects: 0.014600 ms)

AssetImportParameters requested are different than current active one (requested -> active):
  custom:framework-win-MediaFoundation: 216162199b28c13a410421893ffa2e32 -> 
  custom:video-decoder-ogg-theora: a1e56fd34408186e4bbccfd4996cb3dc -> 
  custom:container-muxer-webm: aa71ff27fc2769a1b78a27578f13a17b -> 
  custom:container-demuxer-webm: 4f35f7cbe854078d1ac9338744f61a02 -> 
  custom:container-demuxer-ogg: 62fdf1f143b41e24485cea50d1cbac27 -> 
  custom:video-encoder-webm-vp8: eb34c28f22e8b96e1ab97ce403110664 -> 
  custom:video-decoder-webm-vp8: 9c59270c3fd7afecdb556c50c9e8de78 -> 
  custom:audio-decoder-ogg-vorbis: bf7c407c2cedff20999df2af8eb42d56 -> 
  custom:audio-encoder-webm-vorbis: bf7c407c2cedff20999df2af8eb42d56 -> 
AssetImportWorkerClient::OnTransportError - code=2 error=End of file
