Using pre-set license
Built from '2020.3/staging' branch; Version is '2020.3.23f1 (c5d91304a876) revision 12966163'; Using compiler version '192528614'; Build Type 'Release'
OS: 'Windows 10 Pro; OS build 19042.1466; Version 2009; 64bit' Language: 'de' Physical Memory: 24517 MB
BatchMode: 1, IsHumanControllingUs: 0, StartBugReporterOnCrash: 0, Is64bit: 1, IsPro: 0

COMMAND LINE ARGUMENTS:
C:\Program Files\Unity\Hub\Editor\2020.3.23f1\Editor\Unity.exe
-adb2
-batchMode
-noUpm
-name
AssetImportWorker0
-projectPath
M:/ArtFx_Exercises/IndividualProject/IndividualProject_PinballRestaurant
-logFile
Logs/AssetImportWorker0.log
-srvPort
64064
Successfully changed project path to: M:/ArtFx_Exercises/IndividualProject/IndividualProject_PinballRestaurant
M:/ArtFx_Exercises/IndividualProject/IndividualProject_PinballRestaurant
Using Asset Import Pipeline V2.
Refreshing native plugins compatible for Editor in 31.83 ms, found 2 plugins.
Preloading 0 native plugins for Editor in 0.00 ms.
Initialize engine version: 2020.3.23f1 (c5d91304a876)
[Subsystems] Discovering subsystems at path C:/Program Files/Unity/Hub/Editor/2020.3.23f1/Editor/Data/Resources/UnitySubsystems
[Subsystems] Discovering subsystems at path M:/ArtFx_Exercises/IndividualProject/IndividualProject_PinballRestaurant/Assets
GfxDevice: creating device client; threaded=0
Direct3D:
    Version:  Direct3D 11.0 [level 11.1]
    Renderer: NVIDIA GeForce GTX 960 (ID=0x1401)
    Vendor:   
    VRAM:     2007 MB
    Driver:   30.0.15.1123
Initialize mono
Mono path[0] = 'C:/Program Files/Unity/Hub/Editor/2020.3.23f1/Editor/Data/Managed'
Mono path[1] = 'C:/Program Files/Unity/Hub/Editor/2020.3.23f1/Editor/Data/MonoBleedingEdge/lib/mono/unityjit'
Mono config path = 'C:/Program Files/Unity/Hub/Editor/2020.3.23f1/Editor/Data/MonoBleedingEdge/etc'
Using monoOptions --debugger-agent=transport=dt_socket,embedding=1,server=y,suspend=n,address=127.0.0.1:56232
Begin MonoManager ReloadAssembly
Registering precompiled unity dll's ...
Register platform support module: C:/Program Files/Unity/Hub/Editor/2020.3.23f1/Editor/Data/PlaybackEngines/WindowsStandaloneSupport/UnityEditor.WindowsStandalone.Extensions.dll
Registered in 0.001783 seconds.
Native extension for WindowsStandalone target not found
Refreshing native plugins compatible for Editor in 35.53 ms, found 2 plugins.
Preloading 0 native plugins for Editor in 0.00 ms.
Mono: successfully reloaded assembly
- Completed reload, in  0.634 seconds
Domain Reload Profiling:
	ReloadAssembly (634ms)
		BeginReloadAssembly (54ms)
			ExecutionOrderSort (0ms)
			DisableScriptedObjects (0ms)
			BackupInstance (0ms)
			ReleaseScriptingObjects (0ms)
			CreateAndSetChildDomain (1ms)
		EndReloadAssembly (505ms)
			LoadAssemblies (52ms)
			RebuildTransferFunctionScriptingTraits (0ms)
			SetupTypeCache (186ms)
			ReleaseScriptCaches (0ms)
			RebuildScriptCaches (31ms)
			SetupLoadedEditorAssemblies (194ms)
				LogAssemblyErrors (0ms)
				InitializePlatformSupportModulesInManaged (6ms)
				SetLoadedEditorAssemblies (0ms)
				RefreshPlugins (36ms)
				BeforeProcessingInitializeOnLoad (18ms)
				ProcessInitializeOnLoadAttributes (100ms)
				ProcessInitializeOnLoadMethodAttributes (34ms)
				AfterProcessingInitializeOnLoad (0ms)
				EditorAssembliesLoaded (0ms)
			ExecutionOrderSort2 (0ms)
			AwakeInstancesAfterBackupRestoration (0ms)
Platform modules already initialized, skipping
Registering precompiled user dll's ...
Registered in 0.004097 seconds.
Begin MonoManager ReloadAssembly
Native extension for WindowsStandalone target not found
Refreshing native plugins compatible for Editor in 0.36 ms, found 2 plugins.
Preloading 0 native plugins for Editor in 0.00 ms.
Mono: successfully reloaded assembly
- Completed reload, in  1.098 seconds
Domain Reload Profiling:
	ReloadAssembly (1099ms)
		BeginReloadAssembly (161ms)
			ExecutionOrderSort (0ms)
			DisableScriptedObjects (7ms)
			BackupInstance (0ms)
			ReleaseScriptingObjects (0ms)
			CreateAndSetChildDomain (24ms)
		EndReloadAssembly (876ms)
			LoadAssemblies (87ms)
			RebuildTransferFunctionScriptingTraits (0ms)
			SetupTypeCache (306ms)
			ReleaseScriptCaches (1ms)
			RebuildScriptCaches (47ms)
			SetupLoadedEditorAssemblies (334ms)
				LogAssemblyErrors (0ms)
				InitializePlatformSupportModulesInManaged (4ms)
				SetLoadedEditorAssemblies (1ms)
				RefreshPlugins (0ms)
				BeforeProcessingInitializeOnLoad (79ms)
				ProcessInitializeOnLoadAttributes (230ms)
				ProcessInitializeOnLoadMethodAttributes (11ms)
				AfterProcessingInitializeOnLoad (7ms)
				EditorAssembliesLoaded (1ms)
			ExecutionOrderSort2 (0ms)
			AwakeInstancesAfterBackupRestoration (8ms)
Platform modules already initialized, skipping
========================================================================
Worker process is ready to serve import requests
Launched and connected shader compiler UnityShaderCompiler.exe after 0.08 seconds
Refreshing native plugins compatible for Editor in 0.34 ms, found 2 plugins.
Preloading 0 native plugins for Editor in 0.00 ms.
Unloading 1510 Unused Serialized files (Serialized files now loaded: 0)
System memory in use before: 89.0 MB.
System memory in use after: 89.1 MB.

Unloading 18 unused Assets to reduce memory usage. Loaded Objects now: 1968.
Total: 2.829400 ms (FindLiveObjects: 0.178300 ms CreateObjectMapping: 0.091400 ms MarkObjects: 2.539900 ms  DeleteObjects: 0.018900 ms)

AssetImportParameters requested are different than current active one (requested -> active):
  custom:framework-win-MediaFoundation: 216162199b28c13a410421893ffa2e32 -> 
  custom:video-decoder-ogg-theora: a1e56fd34408186e4bbccfd4996cb3dc -> 
  custom:container-muxer-webm: aa71ff27fc2769a1b78a27578f13a17b -> 
  custom:container-demuxer-webm: 4f35f7cbe854078d1ac9338744f61a02 -> 
  custom:container-demuxer-ogg: 62fdf1f143b41e24485cea50d1cbac27 -> 
  custom:video-encoder-webm-vp8: eb34c28f22e8b96e1ab97ce403110664 -> 
  custom:video-decoder-webm-vp8: 9c59270c3fd7afecdb556c50c9e8de78 -> 
  custom:audio-decoder-ogg-vorbis: bf7c407c2cedff20999df2af8eb42d56 -> 
  custom:audio-encoder-webm-vorbis: bf7c407c2cedff20999df2af8eb42d56 -> 
========================================================================
Received Import Request.
  path: Assets/Scenes/MainGameplay.unity
  artifactKey: Guid(825bec09cfebb014493c04d22027106c) Importer(815301076,1909f56bfc062723c751e8b465ee728b)
Start importing Assets/Scenes/MainGameplay.unity using Guid(825bec09cfebb014493c04d22027106c) Importer(815301076,1909f56bfc062723c751e8b465ee728b)  -> (artifact id: '8c5b03d0e787c74b79441611f2cea13f') in 0.018274 seconds 
  Import took 0.020803 seconds .

========================================================================
Received Import Request.
  Time since last request: 96.611134 seconds.
  path: Assets/Materials/New Material 1.mat
  artifactKey: Guid(0c56758e7c882c34686948e2b7409be7) Importer(815301076,1909f56bfc062723c751e8b465ee728b)
Start importing Assets/Materials/New Material 1.mat using Guid(0c56758e7c882c34686948e2b7409be7) Importer(815301076,1909f56bfc062723c751e8b465ee728b)  -> (artifact id: '53e4073749e4e664d2c6564764cf7a7d') in 0.104461 seconds 
  Import took 0.117210 seconds .

========================================================================
Received Import Request.
  Time since last request: 54.270101 seconds.
  path: Assets/Materials/Ramen_Table.mat
  artifactKey: Guid(0c56758e7c882c34686948e2b7409be7) Importer(815301076,1909f56bfc062723c751e8b465ee728b)
Start importing Assets/Materials/Ramen_Table.mat using Guid(0c56758e7c882c34686948e2b7409be7) Importer(815301076,1909f56bfc062723c751e8b465ee728b)  -> (artifact id: '986db32d9873a438d919d527d38b2b48') in 0.071353 seconds 
  Import took 0.074564 seconds .

========================================================================
Received Import Request.
  Time since last request: 310.792972 seconds.
  path: Assets/Materials/BallMaterial
  artifactKey: Guid(c2ee60bedd41d8c4cab74658db835f2d) Importer(815301076,1909f56bfc062723c751e8b465ee728b)
Start importing Assets/Materials/BallMaterial using Guid(c2ee60bedd41d8c4cab74658db835f2d) Importer(815301076,1909f56bfc062723c751e8b465ee728b)  -> (artifact id: '6957ef80e9fc4774e28d3eb6c0451fb5') in 0.011800 seconds 
  Import took 0.016232 seconds .

========================================================================
Received Import Request.
  Time since last request: 14.548629 seconds.
  path: Assets/Materials/Physics_Material
  artifactKey: Guid(d7a7f63987553ee4a836735f4186a0a0) Importer(815301076,1909f56bfc062723c751e8b465ee728b)
Start importing Assets/Materials/Physics_Material using Guid(d7a7f63987553ee4a836735f4186a0a0) Importer(815301076,1909f56bfc062723c751e8b465ee728b)  -> (artifact id: 'cc12f1ae7b52fd970d646810d13e1a24') in 0.010402 seconds 
  Import took 0.012792 seconds .

========================================================================
Received Import Request.
  Time since last request: 15.712100 seconds.
  path: Assets/Materials/TableMaterial
  artifactKey: Guid(98fd41cc03495014ab80ecef7dd31b83) Importer(815301076,1909f56bfc062723c751e8b465ee728b)
Start importing Assets/Materials/TableMaterial using Guid(98fd41cc03495014ab80ecef7dd31b83) Importer(815301076,1909f56bfc062723c751e8b465ee728b)  -> (artifact id: '2fd426d012aa7eaab02a56c67a3b0c09') in 0.009629 seconds 
  Import took 0.012804 seconds .

========================================================================
Received Import Request.
  Time since last request: 113.170219 seconds.
  path: Assets/Materials/TableMaterial/New Folder
  artifactKey: Guid(c059058646d2cdb4781797472b1a1d11) Importer(815301076,1909f56bfc062723c751e8b465ee728b)
Start importing Assets/Materials/TableMaterial/New Folder using Guid(c059058646d2cdb4781797472b1a1d11) Importer(815301076,1909f56bfc062723c751e8b465ee728b)  -> (artifact id: '6be93f6bd2eb5fce117fe05f67fe1f47') in 0.009520 seconds 
  Import took 0.012688 seconds .

========================================================================
Received Import Request.
  Time since last request: 16.397234 seconds.
  path: Assets/Materials/TableMaterial/Sushi_Table.mat
  artifactKey: Guid(3c3d53a5810688f449b84dcaf8278b19) Importer(815301076,1909f56bfc062723c751e8b465ee728b)
Start importing Assets/Materials/TableMaterial/Sushi_Table.mat using Guid(3c3d53a5810688f449b84dcaf8278b19) Importer(815301076,1909f56bfc062723c751e8b465ee728b)  -> (artifact id: '30713e1683e1ca0a2aaaa05cf62df565') in 0.028183 seconds 
  Import took 0.031331 seconds .

========================================================================
Received Import Request.
  Time since last request: 144.147785 seconds.
  path: Assets/Materials/TableMaterial/New Flare.flare
  artifactKey: Guid(b327eae1291855e4b9264fa2d7f63331) Importer(815301076,1909f56bfc062723c751e8b465ee728b)
Start importing Assets/Materials/TableMaterial/New Flare.flare using Guid(b327eae1291855e4b9264fa2d7f63331) Importer(815301076,1909f56bfc062723c751e8b465ee728b)  -> (artifact id: '46b2c84d99e3316a80f56f15234c01f5') in 0.013130 seconds 
  Import took 0.016143 seconds .

========================================================================
Received Import Request.
  Time since last request: 17.115279 seconds.
  path: Assets/Materials/TableMaterial/Baozi_Table.mat
  artifactKey: Guid(bc6c591ff7ea9e344a79d0a89909cc95) Importer(815301076,1909f56bfc062723c751e8b465ee728b)
Start importing Assets/Materials/TableMaterial/Baozi_Table.mat using Guid(bc6c591ff7ea9e344a79d0a89909cc95) Importer(815301076,1909f56bfc062723c751e8b465ee728b)  -> (artifact id: '8f8984277734add94598f371b81e64c5') in 0.019102 seconds 
  Import took 0.023112 seconds .

========================================================================
Received Import Request.
  Time since last request: 306.569862 seconds.
  path: Assets/Materials/EnvironmentMaterial
  artifactKey: Guid(b97b81cb69db2d547aaa03fcfae1dc69) Importer(815301076,1909f56bfc062723c751e8b465ee728b)
Start importing Assets/Materials/EnvironmentMaterial using Guid(b97b81cb69db2d547aaa03fcfae1dc69) Importer(815301076,1909f56bfc062723c751e8b465ee728b)  -> (artifact id: '231214575abe76b00f91c7fda73d881d') in 0.009934 seconds 
  Import took 0.012861 seconds .

========================================================================
Received Import Request.
  Time since last request: 34.404897 seconds.
  path: Assets/Materials/FoodSpritesMaterial
  artifactKey: Guid(5b54b049a32f9bb41b7737a2658e131f) Importer(815301076,1909f56bfc062723c751e8b465ee728b)
Start importing Assets/Materials/FoodSpritesMaterial using Guid(5b54b049a32f9bb41b7737a2658e131f) Importer(815301076,1909f56bfc062723c751e8b465ee728b)  -> (artifact id: 'f0ea16dd4d5adb795368404ee22f58f0') in 0.009335 seconds 
  Import took 0.012199 seconds .

========================================================================
Received Import Request.
  Time since last request: 45.337109 seconds.
  path: Assets/Materials/New Folder
  artifactKey: Guid(49711d650c5996a4685d96cc3eaa1929) Importer(815301076,1909f56bfc062723c751e8b465ee728b)
Start importing Assets/Materials/New Folder using Guid(49711d650c5996a4685d96cc3eaa1929) Importer(815301076,1909f56bfc062723c751e8b465ee728b)  -> (artifact id: 'd7867f4f06148ae48cdb83c73eedb340') in 0.001762 seconds 
  Import took 0.009798 seconds .

========================================================================
Received Import Request.
  Time since last request: 14.144963 seconds.
  path: Assets/Materials/TableMaterial/TableMaterial
  artifactKey: Guid(49711d650c5996a4685d96cc3eaa1929) Importer(815301076,1909f56bfc062723c751e8b465ee728b)
Start importing Assets/Materials/TableMaterial/TableMaterial using Guid(49711d650c5996a4685d96cc3eaa1929) Importer(815301076,1909f56bfc062723c751e8b465ee728b)  -> (artifact id: 'ed84298e018c25e91442c1b20c1dfa72') in 0.003742 seconds 
  Import took 0.007515 seconds .

========================================================================
Received Import Request.
  Time since last request: 12.721885 seconds.
  path: Assets/Materials/TableMaterial/TableMaterial/Table.mat
  artifactKey: Guid(e6cf3038e5773af4ab3d6800492afec0) Importer(815301076,1909f56bfc062723c751e8b465ee728b)
Start importing Assets/Materials/TableMaterial/TableMaterial/Table.mat using Guid(e6cf3038e5773af4ab3d6800492afec0) Importer(815301076,1909f56bfc062723c751e8b465ee728b)  -> (artifact id: '7f1dcd555578a4bb0f96aa22e961dd74') in 0.017748 seconds 
  Import took 0.022731 seconds .

========================================================================
Received Import Request.
  Time since last request: 13.142375 seconds.
  path: Assets/Materials/TableMaterial/TableMaterial/WoodMaterial.mat
  artifactKey: Guid(e6cf3038e5773af4ab3d6800492afec0) Importer(815301076,1909f56bfc062723c751e8b465ee728b)
Start importing Assets/Materials/TableMaterial/TableMaterial/WoodMaterial.mat using Guid(e6cf3038e5773af4ab3d6800492afec0) Importer(815301076,1909f56bfc062723c751e8b465ee728b)  -> (artifact id: '549c8b3d47d7f399f6f6adb34d74c359') in 0.015942 seconds 
  Import took 0.019973 seconds .

========================================================================
Received Import Request.
  Time since last request: 336.768389 seconds.
  path: Assets/Materials/TableMaterial/TableMaterial/New Material.mat
  artifactKey: Guid(5762aee61033e49419388810ef1f1a88) Importer(815301076,1909f56bfc062723c751e8b465ee728b)
Start importing Assets/Materials/TableMaterial/TableMaterial/New Material.mat using Guid(5762aee61033e49419388810ef1f1a88) Importer(815301076,1909f56bfc062723c751e8b465ee728b)  -> (artifact id: 'ca13445a442e38d95082105b666e3910') in 0.025219 seconds 
  Import took 0.040697 seconds .

========================================================================
Received Import Request.
  Time since last request: 34.144720 seconds.
  path: Assets/Materials/TableMaterial/TableMaterial/PillowMaterial.mat
  artifactKey: Guid(5762aee61033e49419388810ef1f1a88) Importer(815301076,1909f56bfc062723c751e8b465ee728b)
Start importing Assets/Materials/TableMaterial/TableMaterial/PillowMaterial.mat using Guid(5762aee61033e49419388810ef1f1a88) Importer(815301076,1909f56bfc062723c751e8b465ee728b)  -> (artifact id: '75453f159dc701a66cb55a69a504061b') in 0.046264 seconds 
  Import took 0.050112 seconds .

========================================================================
Received Import Request.
  Time since last request: 35.018985 seconds.
  path: Assets/Materials/TableMaterial/TableMaterial/Ramen_PillowMaterial.mat
  artifactKey: Guid(5762aee61033e49419388810ef1f1a88) Importer(815301076,1909f56bfc062723c751e8b465ee728b)
Start importing Assets/Materials/TableMaterial/TableMaterial/Ramen_PillowMaterial.mat using Guid(5762aee61033e49419388810ef1f1a88) Importer(815301076,1909f56bfc062723c751e8b465ee728b)  -> (artifact id: '84f88663d0f2a5372ad65315f671bbcb') in 0.020513 seconds 
  Import took 0.024045 seconds .

========================================================================
Received Import Request.
  Time since last request: 14.058781 seconds.
  path: Assets/Materials/TableMaterial/TableMaterial/Sushi_PillowMatrial.mat
  artifactKey: Guid(9df824cee6cd0f8439c4057c38cf57d1) Importer(815301076,1909f56bfc062723c751e8b465ee728b)
Start importing Assets/Materials/TableMaterial/TableMaterial/Sushi_PillowMatrial.mat using Guid(9df824cee6cd0f8439c4057c38cf57d1) Importer(815301076,1909f56bfc062723c751e8b465ee728b)  -> (artifact id: '7c84b63e1a577617bf2deca855d25a1a') in 0.016518 seconds 
  Import took 0.019562 seconds .

========================================================================
Received Import Request.
  Time since last request: 57.482174 seconds.
  path: Assets/Materials/TableMaterial/TableMaterial/Baozi_PillowMaterial.mat
  artifactKey: Guid(8d5546496f542844193169e0a93c7547) Importer(815301076,1909f56bfc062723c751e8b465ee728b)
Start importing Assets/Materials/TableMaterial/TableMaterial/Baozi_PillowMaterial.mat using Guid(8d5546496f542844193169e0a93c7547) Importer(815301076,1909f56bfc062723c751e8b465ee728b)  -> (artifact id: '2a37a712a2a8da822274a4147289bb13') in 0.019647 seconds 
  Import took 0.023227 seconds .

========================================================================
Received Import Request.
  Time since last request: 54.489067 seconds.
  path: Assets/Materials/TableMaterial/TableMaterial/ChopsticksMaterial.mat
  artifactKey: Guid(49660acedd83c1c46a460245776483c9) Importer(815301076,1909f56bfc062723c751e8b465ee728b)
Start importing Assets/Materials/TableMaterial/TableMaterial/ChopsticksMaterial.mat using Guid(49660acedd83c1c46a460245776483c9) Importer(815301076,1909f56bfc062723c751e8b465ee728b)  -> (artifact id: '9699695e6ad90e006418308509f73a51') in 0.027280 seconds 
  Import took 0.030207 seconds .

========================================================================
Received Import Request.
  Time since last request: 50.176039 seconds.
  path: Assets/Materials/TableMaterial/TableMaterial/New Material.mat
  artifactKey: Guid(b9dc15324aaf1df408cbea6b934c28eb) Importer(815301076,1909f56bfc062723c751e8b465ee728b)
Start importing Assets/Materials/TableMaterial/TableMaterial/New Material.mat using Guid(b9dc15324aaf1df408cbea6b934c28eb) Importer(815301076,1909f56bfc062723c751e8b465ee728b)  -> (artifact id: '0182ebb91d9598fa9d3261deea821b3b') in 0.015721 seconds 
  Import took 0.019992 seconds .

========================================================================
Received Import Request.
  Time since last request: 14.744152 seconds.
  path: Assets/Materials/TableMaterial/TableMaterial/GlassMaterial.mat
  artifactKey: Guid(b9dc15324aaf1df408cbea6b934c28eb) Importer(815301076,1909f56bfc062723c751e8b465ee728b)
Start importing Assets/Materials/TableMaterial/TableMaterial/GlassMaterial.mat using Guid(b9dc15324aaf1df408cbea6b934c28eb) Importer(815301076,1909f56bfc062723c751e8b465ee728b)  -> (artifact id: '6c75d71777001441c204e631567fe684') in 0.018021 seconds 
  Import took 0.021718 seconds .

========================================================================
Received Prepare
Registering precompiled user dll's ...
Registered in 0.002616 seconds.
Begin MonoManager ReloadAssembly
Native extension for WindowsStandalone target not found
Refreshing native plugins compatible for Editor in 0.41 ms, found 2 plugins.
Preloading 0 native plugins for Editor in 0.00 ms.
Mono: successfully reloaded assembly
- Completed reload, in  1.045 seconds
Domain Reload Profiling:
	ReloadAssembly (1045ms)
		BeginReloadAssembly (133ms)
			ExecutionOrderSort (0ms)
			DisableScriptedObjects (4ms)
			BackupInstance (0ms)
			ReleaseScriptingObjects (0ms)
			CreateAndSetChildDomain (40ms)
		EndReloadAssembly (852ms)
			LoadAssemblies (90ms)
			RebuildTransferFunctionScriptingTraits (0ms)
			SetupTypeCache (280ms)
			ReleaseScriptCaches (1ms)
			RebuildScriptCaches (46ms)
			SetupLoadedEditorAssemblies (325ms)
				LogAssemblyErrors (0ms)
				InitializePlatformSupportModulesInManaged (5ms)
				SetLoadedEditorAssemblies (1ms)
				RefreshPlugins (1ms)
				BeforeProcessingInitializeOnLoad (95ms)
				ProcessInitializeOnLoadAttributes (207ms)
				ProcessInitializeOnLoadMethodAttributes (10ms)
				AfterProcessingInitializeOnLoad (7ms)
				EditorAssembliesLoaded (0ms)
			ExecutionOrderSort2 (0ms)
			AwakeInstancesAfterBackupRestoration (7ms)
Platform modules already initialized, skipping
Refreshing native plugins compatible for Editor in 0.41 ms, found 2 plugins.
Preloading 0 native plugins for Editor in 0.00 ms.
Unloading 1504 Unused Serialized files (Serialized files now loaded: 0)
System memory in use before: 92.2 MB.
System memory in use after: 92.3 MB.

Unloading 14 unused Assets to reduce memory usage. Loaded Objects now: 2010.
Total: 3.558100 ms (FindLiveObjects: 0.207400 ms CreateObjectMapping: 0.220700 ms MarkObjects: 3.111400 ms  DeleteObjects: 0.017500 ms)

AssetImportParameters requested are different than current active one (requested -> active):
  custom:framework-win-MediaFoundation: 216162199b28c13a410421893ffa2e32 -> 
  custom:video-decoder-ogg-theora: a1e56fd34408186e4bbccfd4996cb3dc -> 
  custom:container-muxer-webm: aa71ff27fc2769a1b78a27578f13a17b -> 
  custom:container-demuxer-webm: 4f35f7cbe854078d1ac9338744f61a02 -> 
  custom:container-demuxer-ogg: 62fdf1f143b41e24485cea50d1cbac27 -> 
  custom:video-encoder-webm-vp8: eb34c28f22e8b96e1ab97ce403110664 -> 
  custom:video-decoder-webm-vp8: 9c59270c3fd7afecdb556c50c9e8de78 -> 
  custom:audio-decoder-ogg-vorbis: bf7c407c2cedff20999df2af8eb42d56 -> 
  custom:audio-encoder-webm-vorbis: bf7c407c2cedff20999df2af8eb42d56 -> 
========================================================================
Received Import Request.
  Time since last request: 496.369558 seconds.
  path: Assets/Materials/TableMaterial/TableMaterial/Baozi_PillowMaterial.mat
  artifactKey: Guid(8d5546496f542844193169e0a93c7547) Importer(815301076,1909f56bfc062723c751e8b465ee728b)
Start importing Assets/Materials/TableMaterial/TableMaterial/Baozi_PillowMaterial.mat using Guid(8d5546496f542844193169e0a93c7547) Importer(815301076,1909f56bfc062723c751e8b465ee728b)  -> (artifact id: '0e721480b1e53f70e3f38b3eb0193682') in 0.076954 seconds 
  Import took 0.080049 seconds .

========================================================================
Received Import Request.
  Time since last request: 0.000167 seconds.
  path: Assets/Materials/TableMaterial/TableMaterial/GlassMaterial.mat
  artifactKey: Guid(b9dc15324aaf1df408cbea6b934c28eb) Importer(815301076,1909f56bfc062723c751e8b465ee728b)
Start importing Assets/Materials/TableMaterial/TableMaterial/GlassMaterial.mat using Guid(b9dc15324aaf1df408cbea6b934c28eb) Importer(815301076,1909f56bfc062723c751e8b465ee728b)  -> (artifact id: 'ca73ad564f998168b89df5b53995b969') in 0.018914 seconds 
  Import took 0.025385 seconds .

========================================================================
Received Import Request.
  Time since last request: 0.000155 seconds.
  path: Assets/Materials/TableMaterial/TableMaterial/WoodMaterial.mat
  artifactKey: Guid(e6cf3038e5773af4ab3d6800492afec0) Importer(815301076,1909f56bfc062723c751e8b465ee728b)
Start importing Assets/Materials/TableMaterial/TableMaterial/WoodMaterial.mat using Guid(e6cf3038e5773af4ab3d6800492afec0) Importer(815301076,1909f56bfc062723c751e8b465ee728b)  -> (artifact id: '93f2c8502c340bb79b7a430379556e8e') in 0.018612 seconds 
  Import took 0.021476 seconds .

========================================================================
Received Import Request.
  Time since last request: 0.000172 seconds.
  path: Assets/Materials/TableMaterial/TableMaterial/ChopsticksMaterial.mat
  artifactKey: Guid(49660acedd83c1c46a460245776483c9) Importer(815301076,1909f56bfc062723c751e8b465ee728b)
Start importing Assets/Materials/TableMaterial/TableMaterial/ChopsticksMaterial.mat using Guid(49660acedd83c1c46a460245776483c9) Importer(815301076,1909f56bfc062723c751e8b465ee728b)  -> (artifact id: '1c04538064bf9e3ec1945ef1f5c9cb3a') in 0.017421 seconds 
  Import took 0.020745 seconds .

========================================================================
Received Import Request.
  Time since last request: 0.000161 seconds.
  path: Assets/Materials/TableMaterial/TableMaterial/Sushi_PillowMatrial.mat
  artifactKey: Guid(9df824cee6cd0f8439c4057c38cf57d1) Importer(815301076,1909f56bfc062723c751e8b465ee728b)
Start importing Assets/Materials/TableMaterial/TableMaterial/Sushi_PillowMatrial.mat using Guid(9df824cee6cd0f8439c4057c38cf57d1) Importer(815301076,1909f56bfc062723c751e8b465ee728b)  -> (artifact id: 'a7a90b741c4e0520a657d59741b1855a') in 0.016752 seconds 
  Import took 0.019377 seconds .

========================================================================
Received Import Request.
  Time since last request: 5.093246 seconds.
  path: Assets/Materials/Material_Player.mat
  artifactKey: Guid(11b44848e8d6b2b43bdeb1901f8e5c82) Importer(815301076,1909f56bfc062723c751e8b465ee728b)
Start importing Assets/Materials/Material_Player.mat using Guid(11b44848e8d6b2b43bdeb1901f8e5c82) Importer(815301076,1909f56bfc062723c751e8b465ee728b)  -> (artifact id: 'a80358b9d325804f1a084ee47b826ddb') in 0.012489 seconds 
  Import took 0.016138 seconds .

========================================================================
Received Import Request.
  Time since last request: 8.157359 seconds.
  path: Assets/Materials/EnvironmentMaterial/Material_Floor.mat
  artifactKey: Guid(fbfd6ed6e98836844807d1621375aa9d) Importer(815301076,1909f56bfc062723c751e8b465ee728b)
Start importing Assets/Materials/EnvironmentMaterial/Material_Floor.mat using Guid(fbfd6ed6e98836844807d1621375aa9d) Importer(815301076,1909f56bfc062723c751e8b465ee728b)  -> (artifact id: '739afbbbca9c16b6ae497165c863f567') in 0.014112 seconds 
  Import took 0.018574 seconds .

========================================================================
Received Import Request.
  Time since last request: 0.000259 seconds.
  path: Assets/Materials/EnvironmentMaterial/Material_Walls.mat
  artifactKey: Guid(066cc7d2658ebdd4082cd69c2ef36028) Importer(815301076,1909f56bfc062723c751e8b465ee728b)
Start importing Assets/Materials/EnvironmentMaterial/Material_Walls.mat using Guid(066cc7d2658ebdd4082cd69c2ef36028) Importer(815301076,1909f56bfc062723c751e8b465ee728b)  -> (artifact id: '54b7b955230fb600566095af42831356') in 0.017503 seconds 
  Import took 0.020201 seconds .

========================================================================
Received Import Request.
  Time since last request: 34.382602 seconds.
  path: Assets/Materials/EnvironmentMaterial/Material_Floor.mat
  artifactKey: Guid(fbfd6ed6e98836844807d1621375aa9d) Importer(815301076,1909f56bfc062723c751e8b465ee728b)
Start importing Assets/Materials/EnvironmentMaterial/Material_Floor.mat using Guid(fbfd6ed6e98836844807d1621375aa9d) Importer(815301076,1909f56bfc062723c751e8b465ee728b)  -> (artifact id: 'b43dee35db73b5525c2899039b563b1b') in 0.020231 seconds 
  Import took 0.023100 seconds .

========================================================================
Received Prepare
Registering precompiled user dll's ...
Registered in 0.002781 seconds.
Begin MonoManager ReloadAssembly
Native extension for WindowsStandalone target not found
Refreshing native plugins compatible for Editor in 0.32 ms, found 2 plugins.
Preloading 0 native plugins for Editor in 0.00 ms.
Mono: successfully reloaded assembly
- Completed reload, in  1.057 seconds
Domain Reload Profiling:
	ReloadAssembly (1058ms)
		BeginReloadAssembly (145ms)
			ExecutionOrderSort (0ms)
			DisableScriptedObjects (5ms)
			BackupInstance (0ms)
			ReleaseScriptingObjects (0ms)
			CreateAndSetChildDomain (41ms)
		EndReloadAssembly (848ms)
			LoadAssemblies (98ms)
			RebuildTransferFunctionScriptingTraits (0ms)
			SetupTypeCache (323ms)
			ReleaseScriptCaches (1ms)
			RebuildScriptCaches (38ms)
			SetupLoadedEditorAssemblies (296ms)
				LogAssemblyErrors (0ms)
				InitializePlatformSupportModulesInManaged (5ms)
				SetLoadedEditorAssemblies (0ms)
				RefreshPlugins (0ms)
				BeforeProcessingInitializeOnLoad (79ms)
				ProcessInitializeOnLoadAttributes (195ms)
				ProcessInitializeOnLoadMethodAttributes (10ms)
				AfterProcessingInitializeOnLoad (7ms)
				EditorAssembliesLoaded (0ms)
			ExecutionOrderSort2 (0ms)
			AwakeInstancesAfterBackupRestoration (7ms)
Platform modules already initialized, skipping
Refreshing native plugins compatible for Editor in 0.81 ms, found 2 plugins.
Preloading 0 native plugins for Editor in 0.00 ms.
Unloading 1504 Unused Serialized files (Serialized files now loaded: 0)
System memory in use before: 92.3 MB.
System memory in use after: 92.4 MB.

Unloading 14 unused Assets to reduce memory usage. Loaded Objects now: 2013.
Total: 4.952500 ms (FindLiveObjects: 0.274400 ms CreateObjectMapping: 0.101000 ms MarkObjects: 4.548700 ms  DeleteObjects: 0.027400 ms)

AssetImportParameters requested are different than current active one (requested -> active):
  custom:framework-win-MediaFoundation: 216162199b28c13a410421893ffa2e32 -> 
  custom:video-decoder-ogg-theora: a1e56fd34408186e4bbccfd4996cb3dc -> 
  custom:container-muxer-webm: aa71ff27fc2769a1b78a27578f13a17b -> 
  custom:container-demuxer-webm: 4f35f7cbe854078d1ac9338744f61a02 -> 
  custom:container-demuxer-ogg: 62fdf1f143b41e24485cea50d1cbac27 -> 
  custom:video-encoder-webm-vp8: eb34c28f22e8b96e1ab97ce403110664 -> 
  custom:video-decoder-webm-vp8: 9c59270c3fd7afecdb556c50c9e8de78 -> 
  custom:audio-decoder-ogg-vorbis: bf7c407c2cedff20999df2af8eb42d56 -> 
  custom:audio-encoder-webm-vorbis: bf7c407c2cedff20999df2af8eb42d56 -> 
AssetImportWorkerClient::OnTransportError - code=2 error=End of file
